1616559666683	geckodriver	INFO	Listening on 127.0.0.1:62379
1616559669703	mozrunner::runner	INFO	Running command: "C:\\Program Files\\Mozilla Firefox\\firefox.exe" "--marionette" "headless" "-foreground" "-no-remote" "-profile" "C:\\Users\\RACHIT~1\\AppData\\Local\\Temp\\rust_mozprofilePBQOCO"
console.warn: SearchSettings: "get: No settings file exists, new profile?" (new Error("", "(unknown module)"))
1616559673311	Marionette	INFO	Listening on port 62401
1616559673381	Marionette	WARN	TLS certificate errors will be ignored for this session
JavaScript error: https://images-na.ssl-images-amazon.com/images/I/11Y+5x+kkTL._RC|51IWYO5M+zL.js,112nmCqUymL.js,11giXtZCwVL.js,01+z+uIeJ-L.js,014NohEdE7L.js,21NNXfMitSL.js,11GXfd3+z+L.js,11AHlQhPRjL.js,11UNQpqeowL.js,11OREnu1epL.js,11KbZymw5ZL.js,21r53SJg7LL.js,0190vxtlzcL.js,01ezj5Rkz1L.js,11VS-C+YWGL.js,31pOTH2ZMRL.js,01rpauTep4L.js,01zbcJxtbAL.js_.js?AUIClients/AmazonUI&tbOQM7bq#page_type-Gateway.309035-T1, line 150: SyntaxError: FontFaceSet.load: Invalid font shorthand
JavaScript error: https://images-na.ssl-images-amazon.com/images/I/11Y+5x+kkTL._RC|51IWYO5M+zL.js,112nmCqUymL.js,11giXtZCwVL.js,01+z+uIeJ-L.js,014NohEdE7L.js,21NNXfMitSL.js,11GXfd3+z+L.js,11AHlQhPRjL.js,11UNQpqeowL.js,11OREnu1epL.js,11KbZymw5ZL.js,21r53SJg7LL.js,0190vxtlzcL.js,01ezj5Rkz1L.js,11VS-C+YWGL.js,31pOTH2ZMRL.js,01rpauTep4L.js,01zbcJxtbAL.js_.js?AUIClients/AmazonUI&tbOQM7bq#page_type-Gateway.309035-T1, line 150: SyntaxError: FontFaceSet.load: Invalid font shorthand
JavaScript error: https://images-na.ssl-images-amazon.com/images/I/11Y+5x+kkTL._RC|51IWYO5M+zL.js,112nmCqUymL.js,11giXtZCwVL.js,01+z+uIeJ-L.js,014NohEdE7L.js,21NNXfMitSL.js,11GXfd3+z+L.js,11AHlQhPRjL.js,11UNQpqeowL.js,11OREnu1epL.js,11KbZymw5ZL.js,21r53SJg7LL.js,0190vxtlzcL.js,01ezj5Rkz1L.js,11VS-C+YWGL.js,31pOTH2ZMRL.js,01rpauTep4L.js,01zbcJxtbAL.js_.js?AUIClients/AmazonUI&tbOQM7bq#page_type-Gateway.309035-T1, line 150: SyntaxError: FontFaceSet.load: Invalid font shorthand
JavaScript error: https://images-na.ssl-images-amazon.com/images/I/11Y+5x+kkTL._RC|51IWYO5M+zL.js,112nmCqUymL.js,11giXtZCwVL.js,01+z+uIeJ-L.js,014NohEdE7L.js,21NNXfMitSL.js,11GXfd3+z+L.js,11AHlQhPRjL.js,11UNQpqeowL.js,11OREnu1epL.js,11KbZymw5ZL.js,21r53SJg7LL.js,0190vxtlzcL.js,01ezj5Rkz1L.js,11VS-C+YWGL.js,31pOTH2ZMRL.js,01rpauTep4L.js,01zbcJxtbAL.js_.js?AUIClients/AmazonUI&tbOQM7bq#page_type-Gateway.309035-T1, line 150: SyntaxError: FontFaceSet.load: Invalid font shorthand
1616559679062	Marionette	INFO	Stopped listening on port 62401
1619808593868	geckodriver	INFO	Listening on 127.0.0.1:52864
1619808596907	mozrunner::runner	INFO	Running command: "C:\\Program Files\\Mozilla Firefox\\firefox.exe" "--marionette" "start-maximized" "-foreground" "-no-remote" "-profile" "C:\\Users\\RACHIT~1\\AppData\\Local\\Temp\\rust_mozprofilepV5thn"
1619808597902	Marionette	INFO	Marionette enabled
console.warn: SearchSettings: "get: No settings file exists, new profile?" (new Error("", "(unknown module)"))
1619808601831	Marionette	INFO	Listening on port 52875
1619808601996	Marionette	WARN	TLS certificate errors will be ignored for this session
JavaScript warning: https://discord.com/assets/d0ccd2ec4ae7fd5186b0.js, line 2: unreachable code after return statement
JavaScript warning: https://discord.com/assets/d0ccd2ec4ae7fd5186b0.js, line 2: unreachable code after return statement
JavaScript warning: https://discord.com/assets/d0ccd2ec4ae7fd5186b0.js, line 2: unreachable code after return statement
JavaScript warning: https://discord.com/assets/d0ccd2ec4ae7fd5186b0.js, line 2: unreachable code after return statement
JavaScript warning: https://discord.com/assets/d0ccd2ec4ae7fd5186b0.js, line 2: unreachable code after return statement
JavaScript warning: https://discord.com/assets/d0ccd2ec4ae7fd5186b0.js, line 2: unreachable code after return statement
JavaScript warning: https://discord.com/assets/d0ccd2ec4ae7fd5186b0.js, line 2: unreachable code after return statement
JavaScript warning: https://discord.com/assets/d0ccd2ec4ae7fd5186b0.js, line 2: unreachable code after return statement
1619808624175	Marionette	INFO	Stopped listening on port 52875

###!!! [Child][RunMessage] Error: Channel closing: too late to send/recv, messages will be lost

